[INFO] 28-10-2025 22:16:10 [main] LogUtils - stat test case login
[INFO] 28-10-2025 22:38:33 [main] LogUtils - === INITIALIZING BROWSER: CHROME for test: testLoginAndSelectManagementSystem ===
[INFO] 28-10-2025 22:38:34 [main] LogUtils - Browser initialized successfully: chrome
[INFO] 28-10-2025 22:38:34 [main] LogUtils - === STARTING TEST: testLoginAndSelectManagementSystem ===
[INFO] 28-10-2025 22:38:35 [main] LogUtils - Executing testLoginAndSelectManagementSystem - Testing login and select management system
[INFO] 28-10-2025 22:38:35 [main] LogUtils - Attempting to login and select Management System
[INFO] 28-10-2025 22:38:35 [main] LogUtils - Opening browser and navigating to URL: https://hdseafood.1erp.vn/login
[INFO] 28-10-2025 22:38:42 [main] LogUtils - Navigate to: https://hdseafood.1erp.vn/login
[INFO] 28-10-2025 22:38:42 [main] LogUtils - Get text of element By.xpath: //button[normalize-space()='Đăng nhập'] is Đăng nhập
[INFO] 28-10-2025 22:38:42 [main] LogUtils - Assert equals Đăng nhập and Đăng nhập
[INFO] 28-10-2025 22:38:42 [main] LogUtils - Successfully loaded login page
[INFO] 28-10-2025 22:38:42 [main] LogUtils - Set text ninh@gmail.com on input By.xpath: //input[@name='email']
[INFO] 28-10-2025 22:38:42 [main] LogUtils - Set text MatKhau@123 on input By.xpath: //input[@name='password']
[INFO] 28-10-2025 22:38:42 [main] LogUtils - Click on element By.xpath: //button[normalize-space()='Đăng nhập']
[INFO] 28-10-2025 22:38:42 [main] LogUtils - Selecting Management System from popup
[INFO] 28-10-2025 22:38:43 [main] LogUtils - Click on element By.xpath: //div[normalize-space(text())='Hệ thống quản trị']
[INFO] 28-10-2025 22:38:46 [main] LogUtils - Assert equals https://hdseafood.1erp.vn/dashboard and https://hdseafood.1erp.vn/dashboard
[INFO] 28-10-2025 22:38:46 [main] LogUtils - Get text of element By.xpath: (//div[h2[normalize-space(text())='Báo cáo theo dõi doanh thu']])[1]//h2 is Báo cáo theo dõi doanh thu
[INFO] 28-10-2025 22:38:46 [main] LogUtils - Assert equals Báo cáo theo dõi doanh thu and Báo cáo theo dõi doanh thu
[INFO] 28-10-2025 22:38:46 [main] LogUtils - testLoginAndSelectManagementSystem completed successfully
[INFO] 28-10-2025 22:38:46 [main] LogUtils - === TEST PASSED: testLoginAndSelectManagementSystem ===
[INFO] 28-10-2025 22:38:46 [main] LogUtils - Closing browser driver for test: testLoginAndSelectManagementSystem
[INFO] 28-10-2025 22:38:46 [main] LogUtils - Browser driver closed successfully
[INFO] 28-10-2025 22:38:46 [main] LogUtils - === INITIALIZING BROWSER: CHROME for test: testLoginAndSelectSalesSystem ===
[INFO] 28-10-2025 22:38:47 [main] LogUtils - Browser initialized successfully: chrome
[INFO] 28-10-2025 22:38:47 [main] LogUtils - === STARTING TEST: testLoginAndSelectSalesSystem ===
[INFO] 28-10-2025 22:38:47 [main] LogUtils - Executing testLoginAndSelectSalesSystem - Testing login and select sales system
[INFO] 28-10-2025 22:38:47 [main] LogUtils - Opening browser and navigating to URL: https://hdseafood.1erp.vn/login
[INFO] 28-10-2025 22:38:49 [main] LogUtils - Navigate to: https://hdseafood.1erp.vn/login
[INFO] 28-10-2025 22:38:49 [main] LogUtils - Get text of element By.xpath: //button[normalize-space()='Đăng nhập'] is Đăng nhập
[INFO] 28-10-2025 22:38:49 [main] LogUtils - Assert equals Đăng nhập and Đăng nhập
[INFO] 28-10-2025 22:38:49 [main] LogUtils - Successfully loaded login page
[INFO] 28-10-2025 22:38:49 [main] LogUtils - Set text ninh@gmail.com on input By.xpath: //input[@name='email']
[INFO] 28-10-2025 22:38:49 [main] LogUtils - Set text MatKhau@123 on input By.xpath: //input[@name='password']
[INFO] 28-10-2025 22:38:49 [main] LogUtils - Click on element By.xpath: //button[normalize-space()='Đăng nhập']
[INFO] 28-10-2025 22:38:50 [main] LogUtils - Click on element By.xpath: //div[normalize-space(text())='Hệ thống bán hàng']
[INFO] 28-10-2025 22:38:50 [main] LogUtils - Assert equals https://hdseafood.1erp.vn/choose-store and https://hdseafood.1erp.vn/choose-store
[INFO] 28-10-2025 22:38:50 [main] LogUtils - testLoginAndSelectSalesSystem completed successfully
[INFO] 28-10-2025 22:38:50 [main] LogUtils - === TEST PASSED: testLoginAndSelectSalesSystem ===
[INFO] 28-10-2025 22:38:50 [main] LogUtils - Closing browser driver for test: testLoginAndSelectSalesSystem
[INFO] 28-10-2025 22:38:50 [main] LogUtils - Browser driver closed successfully
[INFO] 28-10-2025 22:38:50 [main] LogUtils - === INITIALIZING BROWSER: CHROME for test: testLoginSuccess ===
[INFO] 28-10-2025 22:38:51 [main] LogUtils - Browser initialized successfully: chrome
[INFO] 28-10-2025 22:38:51 [main] LogUtils - === STARTING TEST: testLoginSuccess ===
[INFO] 28-10-2025 22:38:51 [main] LogUtils - Executing testLoginSuccess - Testing successful login
[INFO] 28-10-2025 22:38:51 [main] LogUtils - Attempting to login with default credentials
[INFO] 28-10-2025 22:38:51 [main] LogUtils - Opening browser and navigating to URL: https://hdseafood.1erp.vn/login
[INFO] 28-10-2025 22:38:53 [main] LogUtils - Navigate to: https://hdseafood.1erp.vn/login
[INFO] 28-10-2025 22:38:53 [main] LogUtils - Get text of element By.xpath: //button[normalize-space()='Đăng nhập'] is Đăng nhập
[INFO] 28-10-2025 22:38:53 [main] LogUtils - Assert equals Đăng nhập and Đăng nhập
[INFO] 28-10-2025 22:38:53 [main] LogUtils - Successfully loaded login page
[INFO] 28-10-2025 22:38:53 [main] LogUtils - Set text ninh@gmail.com on input By.xpath: //input[@name='email']
[INFO] 28-10-2025 22:38:53 [main] LogUtils - Set text MatKhau@123 on input By.xpath: //input[@name='password']
[INFO] 28-10-2025 22:38:53 [main] LogUtils - Click on element By.xpath: //button[normalize-space()='Đăng nhập']
[INFO] 28-10-2025 22:38:53 [main] LogUtils - Login with default credentials completed successfully
[INFO] 28-10-2025 22:38:53 [main] LogUtils - testLoginSuccess completed successfully
[INFO] 28-10-2025 22:38:53 [main] LogUtils - === TEST PASSED: testLoginSuccess ===
[INFO] 28-10-2025 22:38:53 [main] LogUtils - Closing browser driver for test: testLoginSuccess
[INFO] 28-10-2025 22:38:53 [main] LogUtils - Browser driver closed successfully
[INFO] 28-10-2025 22:38:53 [main] LogUtils - === INITIALIZING BROWSER: CHROME for test: testLoginWithBothEmptyFields ===
[INFO] 28-10-2025 22:38:54 [main] LogUtils - Browser initialized successfully: chrome
[INFO] 28-10-2025 22:38:54 [main] LogUtils - === STARTING TEST: testLoginWithBothEmptyFields ===
[INFO] 28-10-2025 22:38:54 [main] LogUtils - Executing testLoginWithBothEmptyFields - Testing login with both empty fields
[INFO] 28-10-2025 22:38:54 [main] LogUtils - Opening browser and navigating to URL: https://hdseafood.1erp.vn/login
[INFO] 28-10-2025 22:38:55 [main] LogUtils - Navigate to: https://hdseafood.1erp.vn/login
[INFO] 28-10-2025 22:38:55 [main] LogUtils - Get text of element By.xpath: //button[normalize-space()='Đăng nhập'] is Đăng nhập
[INFO] 28-10-2025 22:38:55 [main] LogUtils - Assert equals Đăng nhập and Đăng nhập
[INFO] 28-10-2025 22:38:55 [main] LogUtils - Successfully loaded login page
[INFO] 28-10-2025 22:38:55 [main] LogUtils - Set text  on input By.xpath: //input[@name='email']
[INFO] 28-10-2025 22:38:55 [main] LogUtils - Set text  on input By.xpath: //input[@name='password']
[INFO] 28-10-2025 22:38:55 [main] LogUtils - Click on element By.xpath: //button[normalize-space()='Đăng nhập']
[INFO] 28-10-2025 22:38:55 [main] LogUtils - check HTML5 Required Field exists By.xpath: //input[@name='email']
[INFO] 28-10-2025 22:38:57 [main] LogUtils - testLoginWithBothEmptyFields completed successfully
[INFO] 28-10-2025 22:38:57 [main] LogUtils - === TEST PASSED: testLoginWithBothEmptyFields ===
[INFO] 28-10-2025 22:38:57 [main] LogUtils - Closing browser driver for test: testLoginWithBothEmptyFields
[INFO] 28-10-2025 22:38:57 [main] LogUtils - Browser driver closed successfully
[INFO] 28-10-2025 22:38:57 [main] LogUtils - === INITIALIZING BROWSER: CHROME for test: testLoginWithBothInvalidCredentials ===
[INFO] 28-10-2025 22:38:58 [main] LogUtils - Browser initialized successfully: chrome
[INFO] 28-10-2025 22:38:58 [main] LogUtils - === STARTING TEST: testLoginWithBothInvalidCredentials ===
[INFO] 28-10-2025 22:38:58 [main] LogUtils - Executing testLoginWithBothInvalidCredentials - Testing login with both invalid credentials
[INFO] 28-10-2025 22:38:58 [main] LogUtils - Attempting to login with email: invalid@email.com
[INFO] 28-10-2025 22:38:58 [main] LogUtils - Opening browser and navigating to URL: https://hdseafood.1erp.vn/login
[INFO] 28-10-2025 22:38:59 [main] LogUtils - Navigate to: https://hdseafood.1erp.vn/login
[INFO] 28-10-2025 22:38:59 [main] LogUtils - Get text of element By.xpath: //button[normalize-space()='Đăng nhập'] is Đăng nhập
[INFO] 28-10-2025 22:38:59 [main] LogUtils - Assert equals Đăng nhập and Đăng nhập
[INFO] 28-10-2025 22:38:59 [main] LogUtils - Successfully loaded login page
[INFO] 28-10-2025 22:38:59 [main] LogUtils - Set text invalid@email.com on input By.xpath: //input[@name='email']
[INFO] 28-10-2025 22:38:59 [main] LogUtils - Set text wrongpassword on input By.xpath: //input[@name='password']
[INFO] 28-10-2025 22:38:59 [main] LogUtils - Click on element By.xpath: //button[normalize-space()='Đăng nhập']
[INFO] 28-10-2025 22:38:59 [main] LogUtils - Login completed successfully
[INFO] 28-10-2025 22:39:00 [main] LogUtils - Get text of element By.xpath: //div[@role='alert'] is Đăng nhập thất bại
Email/Số điện thoại hoặc mật khẩu không đúng. Tài khoản của bạn sẽ bị khóa nếu nhập sai 5 lần
[INFO] 28-10-2025 22:39:00 [main] LogUtils - Assert equals Đăng nhập thất bại
Email/Số điện thoại hoặc mật khẩu không đúng. Tài khoản của bạn sẽ bị khóa nếu nhập sai 5 lần and Đăng nhập thất bại
Email/Số điện thoại hoặc mật khẩu không đúng. Tài khoản của bạn sẽ bị khóa nếu nhập sai 5 lần
[INFO] 28-10-2025 22:39:02 [main] LogUtils - testLoginWithBothInvalidCredentials completed successfully
[INFO] 28-10-2025 22:39:02 [main] LogUtils - === TEST PASSED: testLoginWithBothInvalidCredentials ===
[INFO] 28-10-2025 22:39:02 [main] LogUtils - Closing browser driver for test: testLoginWithBothInvalidCredentials
[INFO] 28-10-2025 22:39:02 [main] LogUtils - Browser driver closed successfully
[INFO] 28-10-2025 22:39:02 [main] LogUtils - === INITIALIZING BROWSER: CHROME for test: testLoginWithEmptyEmail ===
[INFO] 28-10-2025 22:39:03 [main] LogUtils - Browser initialized successfully: chrome
[INFO] 28-10-2025 22:39:03 [main] LogUtils - === STARTING TEST: testLoginWithEmptyEmail ===
[INFO] 28-10-2025 22:39:03 [main] LogUtils - Executing testLoginWithEmptyEmail - Testing login with empty email field
[INFO] 28-10-2025 22:39:03 [main] LogUtils - Opening browser and navigating to URL: https://hdseafood.1erp.vn/login
[INFO] 28-10-2025 22:39:04 [main] LogUtils - Navigate to: https://hdseafood.1erp.vn/login
[INFO] 28-10-2025 22:39:04 [main] LogUtils - Get text of element By.xpath: //button[normalize-space()='Đăng nhập'] is Đăng nhập
[INFO] 28-10-2025 22:39:04 [main] LogUtils - Assert equals Đăng nhập and Đăng nhập
[INFO] 28-10-2025 22:39:04 [main] LogUtils - Successfully loaded login page
[INFO] 28-10-2025 22:39:04 [main] LogUtils - Set text  on input By.xpath: //input[@name='email']
[INFO] 28-10-2025 22:39:04 [main] LogUtils - Set text MatKhau@123 on input By.xpath: //input[@name='password']
[INFO] 28-10-2025 22:39:04 [main] LogUtils - Click on element By.xpath: //button[normalize-space()='Đăng nhập']
[INFO] 28-10-2025 22:39:04 [main] LogUtils - check HTML5 Required Field exists By.xpath: //input[@name='email']
[INFO] 28-10-2025 22:39:06 [main] LogUtils - testLoginWithEmptyEmail completed successfully
[INFO] 28-10-2025 22:39:06 [main] LogUtils - === TEST PASSED: testLoginWithEmptyEmail ===
[INFO] 28-10-2025 22:39:06 [main] LogUtils - Closing browser driver for test: testLoginWithEmptyEmail
[INFO] 28-10-2025 22:39:06 [main] LogUtils - Browser driver closed successfully
[INFO] 28-10-2025 22:39:06 [main] LogUtils - === INITIALIZING BROWSER: CHROME for test: testLoginWithEmptyPassword ===
[INFO] 28-10-2025 22:39:07 [main] LogUtils - Browser initialized successfully: chrome
[INFO] 28-10-2025 22:39:07 [main] LogUtils - === STARTING TEST: testLoginWithEmptyPassword ===
[INFO] 28-10-2025 22:39:07 [main] LogUtils - Executing testLoginWithEmptyPassword - Testing login with empty password field
[INFO] 28-10-2025 22:39:07 [main] LogUtils - Opening browser and navigating to URL: https://hdseafood.1erp.vn/login
[INFO] 28-10-2025 22:39:08 [main] LogUtils - Navigate to: https://hdseafood.1erp.vn/login
[INFO] 28-10-2025 22:39:08 [main] LogUtils - Get text of element By.xpath: //button[normalize-space()='Đăng nhập'] is Đăng nhập
[INFO] 28-10-2025 22:39:08 [main] LogUtils - Assert equals Đăng nhập and Đăng nhập
[INFO] 28-10-2025 22:39:08 [main] LogUtils - Successfully loaded login page
[INFO] 28-10-2025 22:39:08 [main] LogUtils - Set text ninh@gmail.com on input By.xpath: //input[@name='email']
[INFO] 28-10-2025 22:39:08 [main] LogUtils - Set text  on input By.xpath: //input[@name='password']
[INFO] 28-10-2025 22:39:08 [main] LogUtils - Click on element By.xpath: //button[normalize-space()='Đăng nhập']
[INFO] 28-10-2025 22:39:08 [main] LogUtils - check HTML5 Required Field exists By.xpath: //input[@name='password']
[INFO] 28-10-2025 22:39:10 [main] LogUtils - testLoginWithEmptyPassword completed successfully
[INFO] 28-10-2025 22:39:10 [main] LogUtils - === TEST PASSED: testLoginWithEmptyPassword ===
[INFO] 28-10-2025 22:39:10 [main] LogUtils - Closing browser driver for test: testLoginWithEmptyPassword
[INFO] 28-10-2025 22:39:11 [main] LogUtils - Browser driver closed successfully
[INFO] 28-10-2025 22:39:11 [main] LogUtils - === INITIALIZING BROWSER: CHROME for test: testLoginWithInvalidEmail ===
[INFO] 28-10-2025 22:39:11 [main] LogUtils - Browser initialized successfully: chrome
[INFO] 28-10-2025 22:39:11 [main] LogUtils - === STARTING TEST: testLoginWithInvalidEmail ===
[INFO] 28-10-2025 22:39:11 [main] LogUtils - Executing testLoginWithInvalidEmail - Testing login with invalid email
[INFO] 28-10-2025 22:39:11 [main] LogUtils - Attempting to login with email: admin@example111.com
[INFO] 28-10-2025 22:39:11 [main] LogUtils - Opening browser and navigating to URL: https://hdseafood.1erp.vn/login
[INFO] 28-10-2025 22:39:12 [main] LogUtils - Navigate to: https://hdseafood.1erp.vn/login
[INFO] 28-10-2025 22:39:12 [main] LogUtils - Get text of element By.xpath: //button[normalize-space()='Đăng nhập'] is Đăng nhập
[INFO] 28-10-2025 22:39:12 [main] LogUtils - Assert equals Đăng nhập and Đăng nhập
[INFO] 28-10-2025 22:39:12 [main] LogUtils - Successfully loaded login page
[INFO] 28-10-2025 22:39:12 [main] LogUtils - Set text admin@example111.com on input By.xpath: //input[@name='email']
[INFO] 28-10-2025 22:39:13 [main] LogUtils - Set text MatKhau@123 on input By.xpath: //input[@name='password']
[INFO] 28-10-2025 22:39:13 [main] LogUtils - Click on element By.xpath: //button[normalize-space()='Đăng nhập']
[INFO] 28-10-2025 22:39:13 [main] LogUtils - Login completed successfully
[INFO] 28-10-2025 22:39:13 [main] LogUtils - Get text of element By.xpath: //div[@role='alert'] is Đăng nhập thất bại
Email/Số điện thoại hoặc mật khẩu không đúng. Tài khoản của bạn sẽ bị khóa nếu nhập sai 5 lần
[INFO] 28-10-2025 22:39:13 [main] LogUtils - Assert equals Đăng nhập thất bại
Email/Số điện thoại hoặc mật khẩu không đúng. Tài khoản của bạn sẽ bị khóa nếu nhập sai 5 lần and Đăng nhập thất bại
Email/Số điện thoại hoặc mật khẩu không đúng. Tài khoản của bạn sẽ bị khóa nếu nhập sai 5 lần
[INFO] 28-10-2025 22:39:15 [main] LogUtils - testLoginWithInvalidEmail completed successfully
[INFO] 28-10-2025 22:39:15 [main] LogUtils - === TEST PASSED: testLoginWithInvalidEmail ===
[INFO] 28-10-2025 22:39:15 [main] LogUtils - Closing browser driver for test: testLoginWithInvalidEmail
[INFO] 28-10-2025 22:39:15 [main] LogUtils - Browser driver closed successfully
[INFO] 28-10-2025 22:39:15 [main] LogUtils - === INITIALIZING BROWSER: CHROME for test: testLoginWithInvalidPassword ===
[INFO] 28-10-2025 22:39:16 [main] LogUtils - Browser initialized successfully: chrome
[INFO] 28-10-2025 22:39:16 [main] LogUtils - === STARTING TEST: testLoginWithInvalidPassword ===
[INFO] 28-10-2025 22:39:16 [main] LogUtils - Executing testLoginWithInvalidPassword - Testing login with invalid password
[INFO] 28-10-2025 22:39:16 [main] LogUtils - Attempting to login with email: ninh@gmail.com
[INFO] 28-10-2025 22:39:16 [main] LogUtils - Opening browser and navigating to URL: https://hdseafood.1erp.vn/login
[INFO] 28-10-2025 22:39:17 [main] LogUtils - Navigate to: https://hdseafood.1erp.vn/login
[INFO] 28-10-2025 22:39:17 [main] LogUtils - Get text of element By.xpath: //button[normalize-space()='Đăng nhập'] is Đăng nhập
[INFO] 28-10-2025 22:39:17 [main] LogUtils - Assert equals Đăng nhập and Đăng nhập
[INFO] 28-10-2025 22:39:17 [main] LogUtils - Successfully loaded login page
[INFO] 28-10-2025 22:39:17 [main] LogUtils - Set text ninh@gmail.com on input By.xpath: //input[@name='email']
[INFO] 28-10-2025 22:39:17 [main] LogUtils - Set text 568690 on input By.xpath: //input[@name='password']
[INFO] 28-10-2025 22:39:17 [main] LogUtils - Click on element By.xpath: //button[normalize-space()='Đăng nhập']
[INFO] 28-10-2025 22:39:17 [main] LogUtils - Login completed successfully
[INFO] 28-10-2025 22:39:18 [main] LogUtils - Get text of element By.xpath: //div[@role='alert'] is Đăng nhập thất bại
Email/Số điện thoại hoặc mật khẩu không đúng. Tài khoản của bạn sẽ bị khóa nếu nhập sai 5 lần
[INFO] 28-10-2025 22:39:18 [main] LogUtils - Assert equals Đăng nhập thất bại
Email/Số điện thoại hoặc mật khẩu không đúng. Tài khoản của bạn sẽ bị khóa nếu nhập sai 5 lần and Đăng nhập thất bại
Email/Số điện thoại hoặc mật khẩu không đúng. Tài khoản của bạn sẽ bị khóa nếu nhập sai 5 lần
[INFO] 28-10-2025 22:39:20 [main] LogUtils - testLoginWithInvalidPassword completed successfully
[INFO] 28-10-2025 22:39:20 [main] LogUtils - === TEST PASSED: testLoginWithInvalidPassword ===
[INFO] 28-10-2025 22:39:20 [main] LogUtils - Closing browser driver for test: testLoginWithInvalidPassword
[INFO] 28-10-2025 22:39:20 [main] LogUtils - Browser driver closed successfully
[INFO] 28-10-2025 22:39:20 [main] LogUtils - === INITIALIZING BROWSER: CHROME for test: testVerifySystemSelectionPopup ===
[INFO] 28-10-2025 22:39:21 [main] LogUtils - Browser initialized successfully: chrome
[INFO] 28-10-2025 22:39:21 [main] LogUtils - === STARTING TEST: testVerifySystemSelectionPopup ===
[INFO] 28-10-2025 22:39:21 [main] LogUtils - Executing testVerifySystemSelectionPopup - Testing system selection popup display
[INFO] 28-10-2025 22:39:21 [main] LogUtils - Attempting to login with default credentials
[INFO] 28-10-2025 22:39:21 [main] LogUtils - Opening browser and navigating to URL: https://hdseafood.1erp.vn/login
[INFO] 28-10-2025 22:39:22 [main] LogUtils - Navigate to: https://hdseafood.1erp.vn/login
[INFO] 28-10-2025 22:39:22 [main] LogUtils - Get text of element By.xpath: //button[normalize-space()='Đăng nhập'] is Đăng nhập
[INFO] 28-10-2025 22:39:22 [main] LogUtils - Assert equals Đăng nhập and Đăng nhập
[INFO] 28-10-2025 22:39:22 [main] LogUtils - Successfully loaded login page
[INFO] 28-10-2025 22:39:22 [main] LogUtils - Set text ninh@gmail.com on input By.xpath: //input[@name='email']
[INFO] 28-10-2025 22:39:22 [main] LogUtils - Set text MatKhau@123 on input By.xpath: //input[@name='password']
[INFO] 28-10-2025 22:39:22 [main] LogUtils - Click on element By.xpath: //button[normalize-space()='Đăng nhập']
[INFO] 28-10-2025 22:39:22 [main] LogUtils - Login with default credentials completed successfully
[INFO] 28-10-2025 22:39:23 [main] LogUtils - Get text of element By.xpath: //div[normalize-space(text())='Hệ thống quản trị'] is Hệ thống quản trị
[INFO] 28-10-2025 22:39:23 [main] LogUtils - Assert equals Hệ thống quản trị and Hệ thống quản trị
[INFO] 28-10-2025 22:39:23 [main] LogUtils - Get text of element By.xpath: //div[normalize-space(text())='Hệ thống bán hàng'] is Hệ thống bán hàng
[INFO] 28-10-2025 22:39:23 [main] LogUtils - Assert equals Hệ thống bán hàng and Hệ thống bán hàng
[INFO] 28-10-2025 22:39:23 [main] LogUtils - testVerifySystemSelectionPopup completed successfully
[INFO] 28-10-2025 22:39:23 [main] LogUtils - === TEST PASSED: testVerifySystemSelectionPopup ===
[INFO] 28-10-2025 22:39:23 [main] LogUtils - Closing browser driver for test: testVerifySystemSelectionPopup
[INFO] 28-10-2025 22:39:23 [main] LogUtils - Browser driver closed successfully
